-------------------------------------------------------------------------------
Test set: TestSuite
-------------------------------------------------------------------------------
Tests run: 3, Failures: 1, Errors: 0, Skipped: 0, Time elapsed: 11.188 s <<< FAILURE! - in TestSuite
Negative_TC_fetching_the_Capitaldetails(com.restassured.APIAutomation.CountriesandCapitals)  Time elapsed: 1.576 s  <<< FAILURE!
java.lang.AssertionError: expected [200] but found [404]
	at com.restassured.APIAutomation.CountriesandCapitals.Negative_TC_fetching_the_Capitaldetails(CountriesandCapitals.java:340)

